Copyright 1986-2016 Xilinx, Inc. All Rights Reserved.
------------------------------------------------------------------------------------
| Tool Version : Vivado v.2016.2 (win64) Build 1577090 Thu Jun  2 16:32:40 MDT 2016
| Date         : Mon Dec 27 22:07:43 2021
| Host         : DESKTOP-HSAJ1AE running 64-bit major release  (build 9200)
| Command      : report_control_sets -verbose -file top_control_sets_placed.rpt
| Design       : top
| Device       : xc7a100t
------------------------------------------------------------------------------------

Control Set Information

Table of Contents
-----------------
1. Summary
2. Flip-Flop Distribution
3. Detailed Control Set Information

1. Summary
----------

+----------------------------------------------------------+-------+
|                          Status                          | Count |
+----------------------------------------------------------+-------+
| Number of unique control sets                            |    28 |
| Unused register locations in slices containing registers |   133 |
+----------------------------------------------------------+-------+


2. Flip-Flop Distribution
-------------------------

+--------------+-----------------------+------------------------+-----------------+--------------+
| Clock Enable | Synchronous Set/Reset | Asynchronous Set/Reset | Total Registers | Total Slices |
+--------------+-----------------------+------------------------+-----------------+--------------+
| No           | No                    | No                     |              47 |           19 |
| No           | No                    | Yes                    |               0 |            0 |
| No           | Yes                   | No                     |              98 |           28 |
| Yes          | No                    | No                     |            3358 |         1223 |
| Yes          | No                    | Yes                    |               0 |            0 |
| Yes          | Yes                   | No                     |              36 |           18 |
+--------------+-----------------------+------------------------+-----------------+--------------+


3. Detailed Control Set Information
-----------------------------------

+-----------------------------------+--------------------------------------------+------------------------------------------------+------------------+----------------+
|            Clock Signal           |                Enable Signal               |                Set/Reset Signal                | Slice Load Count | Bel Load Count |
+-----------------------------------+--------------------------------------------+------------------------------------------------+------------------+----------------+
|  clk_100_IBUF_BUFG                | keyboard_inst/PS2/debounce/clear           |                                                |                1 |              1 |
|  clk_100_IBUF_BUFG                | keyboard_inst/PS2/debounce/cnt1[4]_i_1_n_0 |                                                |                1 |              1 |
| ~keyboard_inst/PS2/debounce/kclkf | keyboard_inst/cnt__3                       | keyboard_inst/PS2/cnt[3]_i_1_n_0               |                1 |              4 |
|  clk_100_IBUF_BUFG                |                                            | keyboard_inst/PS2/debounce/clear               |                1 |              4 |
|  clk_100_IBUF_BUFG                | keyboard_inst/note_arr                     | keyboard_inst/note_arr[3][3]_i_1_n_0           |                2 |              4 |
|  clk_100_IBUF_BUFG                | keyboard_inst/note_arr[0][3]_i_2_n_0       | keyboard_inst/note_arr[0][3]_i_1_n_0           |                4 |              4 |
|  clk_100_IBUF_BUFG                | keyboard_inst/note_arr[1][3]_i_2_n_0       | keyboard_inst/note_arr[1][3]_i_1_n_0           |                2 |              4 |
|  clk_100_IBUF_BUFG                | keyboard_inst/note_arr[2][3]_i_2_n_0       | keyboard_inst/note_arr[2][3]_i_1_n_0           |                4 |              4 |
|  clk_100_IBUF_BUFG                | keyboard_inst/PS2/debounce/cnt1[4]_i_2_n_0 | keyboard_inst/PS2/debounce/cnt1[4]_i_1_n_0     |                1 |              5 |
|  clk_100_IBUF_BUFG                | keyboard_inst/PS2/E[0]                     |                                                |                2 |              6 |
|  VGA_inst/divider/inst/clk_out1   | VGA_inst/p_m_inst/red[3]_i_1_n_0           |                                                |                8 |              8 |
| ~keyboard_inst/PS2/debounce/kclkf |                                            |                                                |                3 |              9 |
|  clk_100_IBUF_BUFG                |                                            |                                                |                6 |              9 |
|  clk_100_IBUF_BUFG                | Single_Note_Inst/lut_addr_00_carry__0_n_2  |                                                |                2 |             10 |
|  clk_100_IBUF_BUFG                | Single_Note_Inst/lut_addr_20_carry__0_n_2  |                                                |                3 |             10 |
|  clk_100_IBUF_BUFG                | Single_Note_Inst/lut_addr_30_carry__0_n_2  |                                                |                4 |             10 |
|  clk_100_IBUF_BUFG                | Single_Note_Inst/sel                       |                                                |                3 |             10 |
|  clk_100_IBUF_BUFG                |                                            | Single_Note_Inst/driver_inst/count[11]_i_1_n_0 |                3 |             11 |
|  VGA_inst/divider/inst/clk_out1   |                                            | VGA_inst/hcount__0                             |                4 |             11 |
|  VGA_inst/divider/inst/clk_out1   | VGA_inst/hcount__0                         | VGA_inst/vcount[10]_i_1_n_0                    |                4 |             11 |
|  clk_100_IBUF_BUFG                | Single_Note_Inst/driver_inst/compare_0     |                                                |                4 |             12 |
|  VGA_inst/divider/inst/clk_out1   |                                            |                                                |                6 |             13 |
|  keyboard_inst/PS2/CLK            |                                            |                                                |                4 |             16 |
|  clk_100_IBUF_BUFG                |                                            | Single_Note_Inst/lut_addr_00_carry__0_n_2      |                5 |             18 |
|  clk_100_IBUF_BUFG                |                                            | Single_Note_Inst/lut_addr_20_carry__0_n_2      |                5 |             18 |
|  clk_100_IBUF_BUFG                |                                            | Single_Note_Inst/lut_addr_30_carry__0_n_2      |                5 |             18 |
|  clk_100_IBUF_BUFG                |                                            | Single_Note_Inst/sel                           |                5 |             18 |
|  VGA_inst/divider/inst/clk_out1   | VGA_inst/p_m_inst/wave_shape               |                                                |             1195 |           3290 |
+-----------------------------------+--------------------------------------------+------------------------------------------------+------------------+----------------+


